{"/home/sdelpinoc/programing/sdelpinoc/courses/midudev/04-bootcamp-fullstack/04-react-app-notes/src/components/Note.jsx": {"path":"/home/sdelpinoc/programing/sdelpinoc/courses/midudev/04-bootcamp-fullstack/04-react-app-notes/src/components/Note.jsx","statementMap":{"0":{"start":{"line":2,"column":63},"end":{"line":2,"column":68}},"1":{"start":{"line":4,"column":16},"end":{"line":6,"column":22}},"2":{"start":{"line":8,"column":16},"end":{"line":10,"column":13}},"3":{"start":{"line":12,"column":2},"end":{"line":18,"column":3}}},"fnMap":{"0":{"name":"Note","decl":{"start":{"line":1,"column":24},"end":{"line":1,"column":28}},"loc":{"start":{"line":1,"column":37},"end":{"line":19,"column":1}},"line":1}},"branchMap":{"0":{"loc":{"start":{"line":4,"column":16},"end":{"line":6,"column":22}},"type":"cond-expr","locations":[{"start":{"line":5,"column":6},"end":{"line":5,"column":26}},{"start":{"line":6,"column":6},"end":{"line":6,"column":22}}],"line":4},"1":{"loc":{"start":{"line":8,"column":16},"end":{"line":10,"column":13}},"type":"cond-expr","locations":[{"start":{"line":9,"column":6},"end":{"line":9,"column":11}},{"start":{"line":10,"column":6},"end":{"line":10,"column":13}}],"line":8}},"s":{"0":2,"1":2,"2":2,"3":2},"f":{"0":2},"b":{"0":[2,0],"1":[2,0]},"_coverageSchema":"1a1c01bbd47fc00a2c39e90264f33305004495a9","hash":"f7515140faaef5c348d8a68158b9c24b24e27edb"}
,"/home/sdelpinoc/programing/sdelpinoc/courses/midudev/04-bootcamp-fullstack/04-react-app-notes/src/components/Togglable.jsx": {"path":"/home/sdelpinoc/programing/sdelpinoc/courses/midudev/04-bootcamp-fullstack/04-react-app-notes/src/components/Togglable.jsx","statementMap":{"0":{"start":{"line":5,"column":18},"end":{"line":24,"column":2}},"1":{"start":{"line":6,"column":32},"end":{"line":6,"column":47}},"2":{"start":{"line":8,"column":27},"end":{"line":8,"column":53}},"3":{"start":{"line":8,"column":33},"end":{"line":8,"column":53}},"4":{"start":{"line":10,"column":2},"end":{"line":14,"column":4}},"5":{"start":{"line":11,"column":4},"end":{"line":13,"column":5}},"6":{"start":{"line":16,"column":2},"end":{"line":23,"column":3}},"7":{"start":{"line":26,"column":0},"end":{"line":26,"column":35}},"8":{"start":{"line":32,"column":0},"end":{"line":34,"column":1}}},"fnMap":{"0":{"name":"(anonymous_0)","decl":{"start":{"line":5,"column":29},"end":{"line":5,"column":30}},"loc":{"start":{"line":5,"column":77},"end":{"line":24,"column":1}},"line":5},"1":{"name":"(anonymous_1)","decl":{"start":{"line":8,"column":27},"end":{"line":8,"column":28}},"loc":{"start":{"line":8,"column":33},"end":{"line":8,"column":53}},"line":8},"2":{"name":"(anonymous_2)","decl":{"start":{"line":10,"column":27},"end":{"line":10,"column":28}},"loc":{"start":{"line":10,"column":33},"end":{"line":14,"column":3}},"line":10}},"branchMap":{"0":{"loc":{"start":{"line":5,"column":42},"end":{"line":5,"column":65}},"type":"default-arg","locations":[{"start":{"line":5,"column":56},"end":{"line":5,"column":65}}],"line":5},"1":{"loc":{"start":{"line":18,"column":42},"end":{"line":18,"column":67}},"type":"cond-expr","locations":[{"start":{"line":18,"column":52},"end":{"line":18,"column":58}},{"start":{"line":18,"column":61},"end":{"line":18,"column":67}}],"line":18},"2":{"loc":{"start":{"line":20,"column":8},"end":{"line":20,"column":27}},"type":"binary-expr","locations":[{"start":{"line":20,"column":8},"end":{"line":20,"column":15}},{"start":{"line":20,"column":19},"end":{"line":20,"column":27}}],"line":20}},"s":{"0":1,"1":6,"2":6,"3":3,"4":6,"5":0,"6":6,"7":1,"8":1},"f":{"0":6,"1":3,"2":0},"b":{"0":[0],"1":[2,4],"2":[6,2]},"_coverageSchema":"1a1c01bbd47fc00a2c39e90264f33305004495a9","hash":"c2b48cbad8a819c10c390a77dee01868beb4d61f"}
}
