TN:
SF:src/components/Note.jsx
FN:1,Note
FNF:1
FNH:1
FNDA:2,Note
DA:2,2
DA:4,2
DA:8,2
DA:12,2
LF:4
LH:4
BRDA:4,0,0,2
BRDA:4,0,1,0
BRDA:8,1,0,2
BRDA:8,1,1,0
BRF:4
BRH:2
end_of_record
TN:
SF:src/components/Togglable.jsx
FN:5,(anonymous_0)
FN:8,(anonymous_1)
FN:10,(anonymous_2)
FNF:3
FNH:2
FNDA:6,(anonymous_0)
FNDA:3,(anonymous_1)
FNDA:0,(anonymous_2)
DA:5,1
DA:6,6
DA:8,6
DA:10,6
DA:11,0
DA:16,6
DA:26,1
DA:32,1
LF:8
LH:7
BRDA:5,0,0,0
BRDA:18,1,0,2
BRDA:18,1,1,4
BRDA:20,2,0,6
BRDA:20,2,1,2
BRF:5
BRH:4
end_of_record
